Added Component: Designator=RN1(RESCAXS50P160X320X70-8N)
Added Component: Designator=RN2(RESCAXS50P160X320X70-8N)
Added Component: Designator=RN3(RESCAXS50P160X320X70-8N)
Added Component: Designator=RN4(RESCAXS50P160X320X70-8N)
Added Component: Designator=RN5(RESCAXS50P160X320X70-8N)
Added Component: Designator=RN6(RESCAXS50P160X320X70-8N)
Added Component: Designator=RN7(RESCAXS50P160X320X70-8N)
Added Component: Designator=RN8(RESCAXS50P160X320X70-8N)
Added Pin To Net: NetName=XHOME2 Pin=RN1-1
Added Pin To Net: NetName=XMAX2 Pin=RN1-2
Added Pin To Net: NetName=XMIN2 Pin=RN1-3
Added Pin To Net: NetName=XSTEP2 Pin=RN1-4
Added Pin To Net: NetName=SYS_5VB Pin=RN1-5
Added Pin To Net: NetName=SYS_5VB Pin=RN1-6
Added Pin To Net: NetName=SYS_5VB Pin=RN1-7
Added Pin To Net: NetName=SYS_5VB Pin=RN1-8
Added Pin To Net: NetName=YHOME2 Pin=RN2-1
Added Pin To Net: NetName=YMAX2 Pin=RN2-2
Added Pin To Net: NetName=YMIN2 Pin=RN2-3
Added Pin To Net: NetName=YSTEP2 Pin=RN2-4
Added Pin To Net: NetName=SYS_5VB Pin=RN2-5
Added Pin To Net: NetName=SYS_5VB Pin=RN2-6
Added Pin To Net: NetName=SYS_5VB Pin=RN2-7
Added Pin To Net: NetName=SYS_5VB Pin=RN2-8
Added Pin To Net: NetName=ZHOME2 Pin=RN3-1
Added Pin To Net: NetName=ZMAX2 Pin=RN3-2
Added Pin To Net: NetName=ZMIN2 Pin=RN3-3
Added Pin To Net: NetName=ZSTEP2 Pin=RN3-4
Added Pin To Net: NetName=SYS_5VB Pin=RN3-5
Added Pin To Net: NetName=SYS_5VB Pin=RN3-6
Added Pin To Net: NetName=SYS_5VB Pin=RN3-7
Added Pin To Net: NetName=SYS_5VB Pin=RN3-8
Added Pin To Net: NetName=BDIR2 Pin=RN4-1
Added Pin To Net: NetName=BHOME2 Pin=RN4-2
Added Pin To Net: NetName=ADIR2 Pin=RN4-3
Added Pin To Net: NetName=AHOME2 Pin=RN4-4
Added Pin To Net: NetName=SYS_5VB Pin=RN4-5
Added Pin To Net: NetName=SYS_5VB Pin=RN4-6
Added Pin To Net: NetName=SYS_5VB Pin=RN4-7
Added Pin To Net: NetName=SYS_5VB Pin=RN4-8
Added Pin To Net: NetName=AMAX2 Pin=RN5-1
Added Pin To Net: NetName=AMIN2 Pin=RN5-2
Added Pin To Net: NetName=ASTEP2 Pin=RN5-3
Added Pin To Net: NetName=XDIR2 Pin=RN5-4
Added Pin To Net: NetName=SYS_5VB Pin=RN5-5
Added Pin To Net: NetName=SYS_5VB Pin=RN5-6
Added Pin To Net: NetName=SYS_5VB Pin=RN5-7
Added Pin To Net: NetName=SYS_5VB Pin=RN5-8
Added Pin To Net: NetName=RELAY2 Pin=RN6-1
Added Pin To Net: NetName=AXES_ENABLE2 Pin=RN6-2
Added Pin To Net: NetName=BSTEP2 Pin=RN6-3
Added Pin To Net: NetName=YDIR2 Pin=RN6-4
Added Pin To Net: NetName=SYS_5VB Pin=RN6-5
Added Pin To Net: NetName=SYS_5VB Pin=RN6-6
Added Pin To Net: NetName=SYS_5VB Pin=RN6-7
Added Pin To Net: NetName=SYS_5VB Pin=RN6-8
Added Pin To Net: NetName=SPINDLE_DIR2 Pin=RN7-1
Added Pin To Net: NetName=SPINDLE2 Pin=RN7-2
Added Pin To Net: NetName=CSTEP2 Pin=RN7-3
Added Pin To Net: NetName=ZDIR2 Pin=RN7-4
Added Pin To Net: NetName=SYS_5VB Pin=RN7-5
Added Pin To Net: NetName=SYS_5VB Pin=RN7-6
Added Pin To Net: NetName=SYS_5VB Pin=RN7-7
Added Pin To Net: NetName=SYS_5VB Pin=RN7-8
Added Pin To Net: NetName=CDIR2 Pin=RN8-3
Added Pin To Net: NetName=CHOME2 Pin=RN8-4
Added Pin To Net: NetName=SYS_5VB Pin=RN8-5
Added Pin To Net: NetName=SYS_5VB Pin=RN8-6
Added Pin To Net: NetName=SYS_5VB Pin=RN8-7
Added Pin To Net: NetName=SYS_5VB Pin=RN8-8
Added Pin To Net: NetName=XHOME2 Pin=U1-11
Added Pin To Net: NetName=XMIN2 Pin=U1-12
Added Pin To Net: NetName=YDIR2 Pin=U4-11
Added Pin To Net: NetName=YSTEP2 Pin=U4-12
Added Pin To Net: NetName=ASTEP2 Pin=U5-11
Added Pin To Net: NetName=ZHOME2 Pin=U5-12
Added Pin To Net: NetName=SPINDLE_DIR2 Pin=U6-12
Added Member To Class: ClassName=BBB_parport Member=Component C4 F
Added Member To Class: ClassName=BBB_parport Member=Component R6 0805_R
Added Member To Class: ClassName=BBB_parport Member=Component RN1 4K7
Added Member To Class: ClassName=BBB_parport Member=Component RN2 4K7
Added Member To Class: ClassName=BBB_parport Member=Component RN3 4K7
Added Member To Class: ClassName=BBB_parport Member=Component RN4 4K7
Added Member To Class: ClassName=BBB_parport Member=Component RN5 4K7
Added Member To Class: ClassName=BBB_parport Member=Component RN6 4K7
Added Member To Class: ClassName=BBB_parport Member=Component RN7 4K7
Added Member To Class: ClassName=BBB_parport Member=Component RN8 4K7
Added Member To Class: ClassName=BBB_parport Member=Component U2 ADS1015
