Removed Pin From Net: NetName=SPINDLE2 Pin=*-1
Removed Pin From Net: NetName=XDIR2 Pin=*-2
Removed Pin From Net: NetName=XSTEP2 Pin=*-3
Removed Pin From Net: NetName=YDIR2 Pin=*-4
Removed Pin From Net: NetName=YSTEP2 Pin=*-5
Removed Pin From Net: NetName=ZDIR2 Pin=*-6
Removed Pin From Net: NetName=ZSTEP2 Pin=*-7
Removed Pin From Net: NetName=BSTEP2 Pin=*-8
Removed Pin From Net: NetName=YSTEP2 Pin=*-9
Removed Pin From Net: NetName=ZDIR2 Pin=*-11
Removed Pin From Net: NetName=YHOME2 Pin=*-12
Removed Pin From Net: NetName=ZSTEP2 Pin=*-13
Removed Pin From Net: NetName=RELAY2 Pin=*-14
Removed Pin From Net: NetName=AHOME2 Pin=*-15
Removed Pin From Net: NetName=BSTEP2 Pin=*-17
Removed Pin From Net: NetName=XHOME2 Pin=*-21
Removed Pin From Net: NetName=YHOME2 Pin=*-23
Removed Pin From Net: NetName=ZHOME2 Pin=*-25
Removed Pin From Net: NetName=VDD_3V3B Pin=C?-2
Removed Pin From Net: NetName=XDIR2 Pin=JP?-1
Removed Pin From Net: NetName=ZMIN2 Pin=JP?-2
Removed Pin From Net: NetName=ZMAX2 Pin=JP?-3
Removed Pin From Net: NetName=ZHOME2 Pin=JP?-4
Removed Pin From Net: NetName=YSTEP2 Pin=JP?-5
Removed Pin From Net: NetName=VDD_3V3B Pin=R?-2
Removed Pin From Net: NetName=ZDIR Pin=U?-3
Removed Pin From Net: NetName=ZHOME Pin=U?-4
Removed Pin From Net: NetName=ZSTEP Pin=U?-5
Removed Pin From Net: NetName=ZMAX Pin=U?-7
Removed Pin From Net: NetName=ZMIN Pin=U?-8
Removed Pin From Net: NetName=ZHOME Pin=U?-9
Removed Pin From Net: NetName=YDIR Pin=U?-10
Removed Pin From Net: NetName=YDIR2 Pin=U?-11
Removed Pin From Net: NetName=ZHOME2 Pin=U?-12
Removed Pin From Net: NetName=ZMIN2 Pin=U?-13
Removed Pin From Net: NetName=ZMAX2 Pin=U?-14
Removed Pin From Net: NetName=YHOME2 Pin=U?-15
Removed Pin From Net: NetName=ZSTEP2 Pin=U?-16
Removed Pin From Net: NetName=ZHOME2 Pin=U?-17
Removed Pin From Net: NetName=ZDIR2 Pin=U?-18
Removed Member From Class: ClassName=BBB_parport Member=*
Change Component Designator: OldDesignator=? NewDesignator=1
Change Component Designator: OldDesignator=C? NewDesignator=C1
Change Component Designator: OldDesignator=C? NewDesignator=C2
Change Component Designator: OldDesignator=C? NewDesignator=C3
Change Component Designator: OldDesignator=C? NewDesignator=C4
Change Component Designator: OldDesignator=C? NewDesignator=C5
Change Component Designator: OldDesignator=C? NewDesignator=C6
Change Component Designator: OldDesignator=JP? NewDesignator=JP1
Change Component Designator: OldDesignator=JP? NewDesignator=JP2
Change Component Designator: OldDesignator=JP? NewDesignator=JP3
Change Component Designator: OldDesignator=JP? NewDesignator=JP4
Change Component Designator: OldDesignator=JP? NewDesignator=JP5
Change Component Designator: OldDesignator=JP? NewDesignator=JP6
Change Component Designator: OldDesignator=JP? NewDesignator=JP7
Change Component Designator: OldDesignator=JP? NewDesignator=JP8
Change Component Designator: OldDesignator=LED? NewDesignator=LED1
Change Component Designator: OldDesignator=LED? NewDesignator=LED2
Change Component Designator: OldDesignator=LED? NewDesignator=LED3
Change Component Designator: OldDesignator=R? NewDesignator=R1
Change Component Designator: OldDesignator=R? NewDesignator=R2
Change Component Designator: OldDesignator=R? NewDesignator=R3
Change Component Designator: OldDesignator=R? NewDesignator=R4
Change Component Designator: OldDesignator=R? NewDesignator=R5
Change Component Designator: OldDesignator=R? NewDesignator=R6
Change Component Designator: OldDesignator=R? NewDesignator=R7
Change Component Designator: OldDesignator=R? NewDesignator=R8
Change Component Designator: OldDesignator=R? NewDesignator=R9
Change Component Designator: OldDesignator=R? NewDesignator=R10
Change Component Designator: OldDesignator=R? NewDesignator=R11
Change Component Designator: OldDesignator=R? NewDesignator=R12
Change Component Designator: OldDesignator=R? NewDesignator=R13
Change Component Designator: OldDesignator=R? NewDesignator=R14
Change Component Designator: OldDesignator=R? NewDesignator=R15
Change Component Designator: OldDesignator=R? NewDesignator=R16
Change Component Designator: OldDesignator=R? NewDesignator=R17
Change Component Designator: OldDesignator=R? NewDesignator=R18
Change Component Designator: OldDesignator=R? NewDesignator=R19
Change Component Designator: OldDesignator=R? NewDesignator=R20
Change Component Designator: OldDesignator=R? NewDesignator=R21
Change Component Designator: OldDesignator=R? NewDesignator=R22
Change Component Designator: OldDesignator=R? NewDesignator=R23
Change Component Designator: OldDesignator=SD? NewDesignator=SD1
Change Component Designator: OldDesignator=U? NewDesignator=U1
Change Component Designator: OldDesignator=U? NewDesignator=U2
Change Component Designator: OldDesignator=U? NewDesignator=U3
Change Component Designator: OldDesignator=U? NewDesignator=U4
Change Component Designator: OldDesignator=U? NewDesignator=U5
Change Component Designator: OldDesignator=U? NewDesignator=U6
Added Pin To Net: NetName=XHOME Pin=1-7
Added Pin To Net: NetName=XMIN Pin=1-8
Added Pin To Net: NetName=XMAX Pin=1-9
Added Pin To Net: NetName=YMIN Pin=1-10
Added Pin To Net: NetName=XDIR Pin=1-11
Added Pin To Net: NetName=XSTEP Pin=1-12
Added Pin To Net: NetName=YMAX Pin=1-14
Added Pin To Net: NetName=YDIR Pin=1-15
Added Pin To Net: NetName=YSTEP Pin=1-16
Added Pin To Net: NetName=ZMIN Pin=1-17
Added Pin To Net: NetName=ZMAX Pin=1-18
Added Pin To Net: NetName=STATUS_LED Pin=1-26
Added Pin To Net: NetName=CDIR Pin=1-57
Added Pin To Net: NetName=AMIN Pin=1-58
Added Pin To Net: NetName=CSTEP Pin=1-59
Added Pin To Net: NetName=ZHOME Pin=1-60
Added Pin To Net: NetName=ZSTEP Pin=1-61
Added Pin To Net: NetName=AMAX Pin=1-62
Added Pin To Net: NetName=BDIR Pin=1-63
Added Pin To Net: NetName=BSTEP Pin=1-64
Added Pin To Net: NetName=I2C2_SCL Pin=1-65
Added Pin To Net: NetName=I2C2_SDA Pin=1-66
Added Pin To Net: NetName=ASTEP Pin=1-68
Added Pin To Net: NetName=ZDIR Pin=1-69
Added Pin To Net: NetName=BHOME Pin=1-70
Added Pin To Net: NetName=AXES_ENABLE Pin=1-72
Added Pin To Net: NetName=AHOME Pin=1-73
Added Pin To Net: NetName=Net?_1 Pin=C1-1
Added Pin To Net: NetName=Net?_1 Pin=C2-1
Added Pin To Net: NetName=Net?_1 Pin=C3-1
Added Pin To Net: NetName=VDD_3V3B Pin=C3-2
Added Pin To Net: NetName=Net?_1 Pin=C4-1
Added Pin To Net: NetName=Net?_1 Pin=C5-1
Added Pin To Net: NetName=Net?_1 Pin=C6-1
Added Pin To Net: NetName=I2C2_SCL Pin=JP1-1
Added Pin To Net: NetName=Net?_1 Pin=JP2-1
Added Pin To Net: NetName=VDD_3V3B Pin=JP2-2
Added Pin To Net: NetName=XDIR2 Pin=JP4-1
Added Pin To Net: NetName=XSTEP2 Pin=JP4-2
Added Pin To Net: NetName=5V Pin=JP4-3
Added Pin To Net: NetName=YDIR2 Pin=JP4-4
Added Pin To Net: NetName=YSTEP2 Pin=JP4-5
Added Pin To Net: NetName=5V Pin=JP4-6
Added Pin To Net: NetName=ZDIR2 Pin=JP4-7
Added Pin To Net: NetName=ZSTEP2 Pin=JP4-8
Added Pin To Net: NetName=5V Pin=JP4-9
Added Pin To Net: NetName=ADIR2 Pin=JP4-10
Added Pin To Net: NetName=ASTEP2 Pin=JP4-11
Added Pin To Net: NetName=5V Pin=JP4-12
Added Pin To Net: NetName=BDIR2 Pin=JP4-13
Added Pin To Net: NetName=BSTEP2 Pin=JP4-14
Added Pin To Net: NetName=5V Pin=JP4-15
Added Pin To Net: NetName=CDIR2 Pin=JP4-16
Added Pin To Net: NetName=CSTEP2 Pin=JP4-17
Added Pin To Net: NetName=5V Pin=JP4-18
Added Pin To Net: NetName=VDD_5VB Pin=JP5-1
Added Pin To Net: NetName=XHOME2 Pin=JP5-2
Added Pin To Net: NetName=YHOME2 Pin=JP5-3
Added Pin To Net: NetName=ZHOME2 Pin=JP5-4
Added Pin To Net: NetName=AHOME2 Pin=JP5-5
Added Pin To Net: NetName=BHOME2 Pin=JP5-6
Added Pin To Net: NetName=CHOME2 Pin=JP5-7
Added Pin To Net: NetName=Net?_1 Pin=JP5-8
Added Pin To Net: NetName=VDD_5VB Pin=JP6-1
Added Pin To Net: NetName=XMIN2 Pin=JP6-2
Added Pin To Net: NetName=XMAX2 Pin=JP6-3
Added Pin To Net: NetName=YMIN2 Pin=JP6-4
Added Pin To Net: NetName=YMAX2 Pin=JP6-5
Added Pin To Net: NetName=Net?_1 Pin=JP6-6
Added Pin To Net: NetName=VDD_5VB Pin=JP7-1
Added Pin To Net: NetName=ZMIN2 Pin=JP7-2
Added Pin To Net: NetName=ZMAX2 Pin=JP7-3
Added Pin To Net: NetName=AMIN2 Pin=JP7-4
Added Pin To Net: NetName=AMAX2 Pin=JP7-5
Added Pin To Net: NetName=Net?_1 Pin=JP7-6
Added Pin To Net: NetName=VDD_5VB Pin=JP8-1
Added Pin To Net: NetName=AXES_ENABLE2 Pin=JP8-2
Added Pin To Net: NetName=RELAY2 Pin=JP8-3
Added Pin To Net: NetName=SPINDLE2 Pin=JP8-4
Added Pin To Net: NetName=SPINDLE_DIR2 Pin=JP8-5
Added Pin To Net: NetName=Net?_1 Pin=JP8-6
Added Pin To Net: NetName=Net?_1 Pin=LED1-2
Added Pin To Net: NetName=Net?_1 Pin=LED2-2
Added Pin To Net: NetName=Net?_1 Pin=LED3-2
Added Pin To Net: NetName=VDD_3V3B Pin=R1-1
Added Pin To Net: NetName=I2C2_SCL Pin=R1-2
Added Pin To Net: NetName=VDD_3V3B Pin=R2-1
Added Pin To Net: NetName=VDD_3V3B Pin=R3-1
Added Pin To Net: NetName=VDD_3V3B Pin=R5-1
Added Pin To Net: NetName=I2C2_SDA Pin=R5-2
Added Pin To Net: NetName=SYS_5VA Pin=R6-2
Added Pin To Net: NetName=VDD_3V3B Pin=R7-1
Added Pin To Net: NetName=VDD_3V3B Pin=R8-2
Added Pin To Net: NetName=SYS_5VA Pin=R9-2
Added Pin To Net: NetName=VDD_3V3B Pin=R10-1
Added Pin To Net: NetName=VDD_3V3B Pin=R12-1
Added Pin To Net: NetName=VDD_5VB Pin=R14-1
Added Pin To Net: NetName=SYS_5VA Pin=R15-2
Added Pin To Net: NetName=SYS_5VB Pin=R16-1
Added Pin To Net: NetName=SYS_5VA Pin=R17-2
Added Pin To Net: NetName=VDD_3V3B Pin=R18-1
Added Pin To Net: NetName=SYS_5VA Pin=R19-2
Added Pin To Net: NetName=VDD_3V3B Pin=R20-1
Added Pin To Net: NetName=STATUS_LED2 Pin=R21-2
Added Pin To Net: NetName=SYS_5VA Pin=R22-2
Added Pin To Net: NetName=SYS_5VA Pin=R23-2
Added Pin To Net: NetName=Net?_1 Pin=SD1-1
Added Pin To Net: NetName=Net?_1 Pin=SD1-2
Added Pin To Net: NetName=Net?_1 Pin=U1-1
Added Pin To Net: NetName=YMAX Pin=U1-3
Added Pin To Net: NetName=PWM0 Pin=U1-4
Added Pin To Net: NetName=XSTEP Pin=U1-5
Added Pin To Net: NetName=XDIR Pin=U1-6
Added Pin To Net: NetName=YMIN Pin=U1-7
Added Pin To Net: NetName=XMAX Pin=U1-8
Added Pin To Net: NetName=XMIN Pin=U1-9
Added Pin To Net: NetName=XHOME Pin=U1-10
Added Pin To Net: NetName=XHOME2 Pin=U1-11
Added Pin To Net: NetName=XMIN2 Pin=U1-12
Added Pin To Net: NetName=XMAX2 Pin=U1-13
Added Pin To Net: NetName=YMIN2 Pin=U1-14
Added Pin To Net: NetName=XDIR2 Pin=U1-15
Added Pin To Net: NetName=XSTEP2 Pin=U1-16
Added Pin To Net: NetName=SPINDLE2 Pin=U1-17
Added Pin To Net: NetName=YMAX2 Pin=U1-18
Added Pin To Net: NetName=Net?_1 Pin=U2-1
Added Pin To Net: NetName=Net?_1 Pin=U2-3
Added Pin To Net: NetName=I2C2_SDA Pin=U2-9
Added Pin To Net: NetName=I2C2_SCL Pin=U2-10
Added Pin To Net: NetName=Net?_1 Pin=U3-4
Added Pin To Net: NetName=I2C2_SDA Pin=U3-5
Added Pin To Net: NetName=I2C2_SCL Pin=U3-6
Added Pin To Net: NetName=VDD_3V3B Pin=U3-8
Added Pin To Net: NetName=Net?_1 Pin=U4-1
Added Pin To Net: NetName=AMIN Pin=U4-3
Added Pin To Net: NetName=CDIR Pin=U4-4
Added Pin To Net: NetName=STATUS_LED Pin=U4-5
Added Pin To Net: NetName=PWM1 Pin=U4-6
Added Pin To Net: NetName=ZMAX Pin=U4-7
Added Pin To Net: NetName=ZMIN Pin=U4-8
Added Pin To Net: NetName=YSTEP Pin=U4-9
Added Pin To Net: NetName=YDIR Pin=U4-10
Added Pin To Net: NetName=YDIR2 Pin=U4-11
Added Pin To Net: NetName=YSTEP2 Pin=U4-12
Added Pin To Net: NetName=ZMIN2 Pin=U4-13
Added Pin To Net: NetName=ZMAX2 Pin=U4-14
Added Pin To Net: NetName=YHOME2 Pin=U4-15
Added Pin To Net: NetName=STATUS_LED2 Pin=U4-16
Added Pin To Net: NetName=CDIR2 Pin=U4-17
Added Pin To Net: NetName=YMAX2 Pin=U4-18
Added Pin To Net: NetName=Net?_1 Pin=U5-1
Added Pin To Net: NetName=CSTEP Pin=U5-3
Added Pin To Net: NetName=ZHOME Pin=U5-4
Added Pin To Net: NetName=ZSTEP Pin=U5-5
Added Pin To Net: NetName=AMAX Pin=U5-6
Added Pin To Net: NetName=BDIR Pin=U5-7
Added Pin To Net: NetName=BSTEP Pin=U5-8
Added Pin To Net: NetName=ZHOME Pin=U5-9
Added Pin To Net: NetName=ASTEP Pin=U5-10
Added Pin To Net: NetName=ASTEP2 Pin=U5-11
Added Pin To Net: NetName=ZHOME2 Pin=U5-12
Added Pin To Net: NetName=BSTEP2 Pin=U5-13
Added Pin To Net: NetName=BDIR2 Pin=U5-14
Added Pin To Net: NetName=AMAX2 Pin=U5-15
Added Pin To Net: NetName=ZSTEP2 Pin=U5-16
Added Pin To Net: NetName=ZHOME2 Pin=U5-17
Added Pin To Net: NetName=CSTEP2 Pin=U5-18
Added Pin To Net: NetName=Net?_1 Pin=U6-1
Added Pin To Net: NetName=ZDIR Pin=U6-3
Added Pin To Net: NetName=BHOME Pin=U6-4
Added Pin To Net: NetName=AXES_ENABLE Pin=U6-5
Added Pin To Net: NetName=AHOME Pin=U6-6
Added Pin To Net: NetName=RELAY Pin=U6-7
Added Pin To Net: NetName=ESTOP_EXT Pin=U6-8
Added Pin To Net: NetName=SPINDLE_DIR Pin=U6-9
Added Pin To Net: NetName=SPINDLE_DIR2 Pin=U6-12
Added Pin To Net: NetName=ESTOP_EXT2 Pin=U6-13
Added Pin To Net: NetName=RELAY2 Pin=U6-14
Added Pin To Net: NetName=AHOME2 Pin=U6-15
Added Pin To Net: NetName=AXES_ENABLE2 Pin=U6-16
Added Pin To Net: NetName=BHOME2 Pin=U6-17
Added Pin To Net: NetName=ZDIR2 Pin=U6-18
Change Net Name : Old Net Name=Net?_1 New Net Name=GND
Change Net Name : Old Net Name=Net?_55 New Net Name=POWER_BUT
Change Net Name : Old Net Name=Net?_56 New Net Name=IO_POWER_ON
Change Net Name : Old Net Name=Net?_67 New Net Name=ADIR
Added Pin To Net: NetName=Net1_49 Pin=1-49
Added Pin To Net: NetName=Net1_49 Pin=R11-1
Added Net: Name=Net1_49
Added Pin To Net: NetName=Net1_50 Pin=1-50
Added Pin To Net: NetName=Net1_50 Pin=R12-2
Added Net: Name=Net1_50
Added Pin To Net: NetName=Net1_51 Pin=1-51
Added Pin To Net: NetName=Net1_51 Pin=R13-1
Added Net: Name=Net1_51
Added Pin To Net: NetName=Net1_52 Pin=1-52
Added Pin To Net: NetName=Net1_52 Pin=R14-2
Added Net: Name=Net1_52
Added Pin To Net: NetName=Net1_53 Pin=1-53
Added Pin To Net: NetName=Net1_53 Pin=R15-1
Added Net: Name=Net1_53
Added Pin To Net: NetName=Net1_54 Pin=1-54
Added Pin To Net: NetName=Net1_54 Pin=R16-2
Added Net: Name=Net1_54
Added Pin To Net: NetName=NetC1_2 Pin=C1-2
Added Pin To Net: NetName=NetC1_2 Pin=U2-8
Added Net: Name=NetC1_2
Added Pin To Net: NetName=NetC2_2 Pin=C2-2
Added Pin To Net: NetName=NetC2_2 Pin=R6-1
Added Pin To Net: NetName=NetC2_2 Pin=U1-11
Added Pin To Net: NetName=NetC2_2 Pin=U1-12
Added Net: Name=NetC2_2
Added Pin To Net: NetName=NetC4_2 Pin=C4-2
Added Pin To Net: NetName=NetC4_2 Pin=R9-1
Added Pin To Net: NetName=NetC4_2 Pin=U4-11
Added Pin To Net: NetName=NetC4_2 Pin=U4-12
Added Net: Name=NetC4_2
Added Pin To Net: NetName=NetC5_2 Pin=C5-2
Added Pin To Net: NetName=NetC5_2 Pin=R17-1
Added Pin To Net: NetName=NetC5_2 Pin=U5-11
Added Pin To Net: NetName=NetC5_2 Pin=U5-12
Added Net: Name=NetC5_2
Added Pin To Net: NetName=NetC6_2 Pin=C6-2
Added Pin To Net: NetName=NetC6_2 Pin=R19-1
Added Pin To Net: NetName=NetC6_2 Pin=U6-11
Added Pin To Net: NetName=NetC6_2 Pin=U6-12
Added Net: Name=NetC6_2
Added Pin To Net: NetName=NetJP2_3 Pin=JP2-3
Added Pin To Net: NetName=NetJP2_3 Pin=U2-4
Added Net: Name=NetJP2_3
Added Pin To Net: NetName=NetJP2_4 Pin=JP2-4
Added Pin To Net: NetName=NetJP2_4 Pin=U2-5
Added Net: Name=NetJP2_4
Added Pin To Net: NetName=NetJP2_5 Pin=JP2-5
Added Pin To Net: NetName=NetJP2_5 Pin=U2-6
Added Net: Name=NetJP2_5
Added Pin To Net: NetName=NetJP2_6 Pin=JP2-6
Added Pin To Net: NetName=NetJP2_6 Pin=U2-7
Added Net: Name=NetJP2_6
Added Pin To Net: NetName=NetLED1_1 Pin=LED1-1
Added Pin To Net: NetName=NetLED1_1 Pin=R21-1
Added Net: Name=NetLED1_1
Added Pin To Net: NetName=NetLED2_1 Pin=LED2-1
Added Pin To Net: NetName=NetLED2_1 Pin=R22-1
Added Net: Name=NetLED2_1
Added Pin To Net: NetName=NetLED3_1 Pin=LED3-1
Added Pin To Net: NetName=NetLED3_1 Pin=R23-1
Added Net: Name=NetLED3_1
Added Pin To Net: NetName=NetR2_2 Pin=R2-2
Added Pin To Net: NetName=NetR2_2 Pin=U3-3
Added Net: Name=NetR2_2
Added Pin To Net: NetName=NetR3_2 Pin=R3-2
Added Pin To Net: NetName=NetR3_2 Pin=SD1-3
Added Pin To Net: NetName=NetR3_2 Pin=U3-2
Added Net: Name=NetR3_2
Added Pin To Net: NetName=NetR4_2 Pin=R4-2
Added Pin To Net: NetName=NetR4_2 Pin=SD1-4
Added Pin To Net: NetName=NetR4_2 Pin=U3-1
Added Net: Name=NetR4_2
Added Pin To Net: NetName=NetR7_2 Pin=R7-2
Added Pin To Net: NetName=NetR7_2 Pin=U1-2
Added Net: Name=NetR7_2
Added Pin To Net: NetName=NetR8_1 Pin=R8-1
Added Pin To Net: NetName=NetR8_1 Pin=U3-7
Added Net: Name=NetR8_1
Added Pin To Net: NetName=NetR10_2 Pin=R10-2
Added Pin To Net: NetName=NetR10_2 Pin=U4-2
Added Net: Name=NetR10_2
Added Pin To Net: NetName=NetR18_2 Pin=R18-2
Added Pin To Net: NetName=NetR18_2 Pin=U5-2
Added Net: Name=NetR18_2
Added Pin To Net: NetName=NetR20_2 Pin=R20-2
Added Pin To Net: NetName=NetR20_2 Pin=U6-2
Added Net: Name=NetR20_2
Added Pin To Net: NetName=VDD_3V3A Pin=R11-2
Added Net: Name=VDD_3V3A
Added Pin To Net: NetName=VDD_5VA Pin=R13-2
Added Net: Name=VDD_5VA
Added Member To Class: ClassName=BBB_parport Member=Component C1 F
Added Member To Class: ClassName=BBB_parport Member=Component C2 F
Added Member To Class: ClassName=BBB_parport Member=Component C3 F
Added Member To Class: ClassName=BBB_parport Member=Component C5 F
Added Member To Class: ClassName=BBB_parport Member=Component C6 F
Added Member To Class: ClassName=BBB_parport Member=Component JP1 JP2
Added Member To Class: ClassName=BBB_parport Member=Component JP2 JP6
Added Member To Class: ClassName=BBB_parport Member=Component JP3 JP6
Added Member To Class: ClassName=BBB_parport Member=Component JP4 JP2
Added Member To Class: ClassName=BBB_parport Member=Component JP5 JP8
Added Member To Class: ClassName=BBB_parport Member=Component JP7 JP6
Added Member To Class: ClassName=BBB_parport Member=Component JP8 JP6
Added Member To Class: ClassName=BBB_parport Member=Component LED1 LED0805
Added Member To Class: ClassName=BBB_parport Member=Component LED2 LED0805
Added Member To Class: ClassName=BBB_parport Member=Component R1 0805_R
Added Member To Class: ClassName=BBB_parport Member=Component R2 0805_R
Added Member To Class: ClassName=BBB_parport Member=Component R3 0805_R
Added Member To Class: ClassName=BBB_parport Member=Component R4 0805_R
Added Member To Class: ClassName=BBB_parport Member=Component R5 0805_R
Added Member To Class: ClassName=BBB_parport Member=Component R7 0805_R
Added Member To Class: ClassName=BBB_parport Member=Component R8 0805_R
Added Member To Class: ClassName=BBB_parport Member=Component R9 0805_R
Added Member To Class: ClassName=BBB_parport Member=Component R10 0805_R
Added Member To Class: ClassName=BBB_parport Member=Component R11 0805_R
Added Member To Class: ClassName=BBB_parport Member=Component R12 0805_R
Added Member To Class: ClassName=BBB_parport Member=Component R13 0805_R
Added Member To Class: ClassName=BBB_parport Member=Component R14 0805_R
Added Member To Class: ClassName=BBB_parport Member=Component R15 0805_R
Added Member To Class: ClassName=BBB_parport Member=Component R16 0805_R
Added Member To Class: ClassName=BBB_parport Member=Component R17 0805_R
Added Member To Class: ClassName=BBB_parport Member=Component R18 0805_R
Added Member To Class: ClassName=BBB_parport Member=Component R19 0805_R
Added Member To Class: ClassName=BBB_parport Member=Component R20 0805_R
Added Member To Class: ClassName=BBB_parport Member=Component R21 0805_R
Added Member To Class: ClassName=BBB_parport Member=Component R22 0805_R
Added Member To Class: ClassName=BBB_parport Member=Component R23 0805_R
Added Member To Class: ClassName=BBB_parport Member=Component U1 GTL2003
Added Member To Class: ClassName=BBB_parport Member=Component U3 24LC256/SO
Added Member To Class: ClassName=BBB_parport Member=Component U4 GTL2003
Added Member To Class: ClassName=BBB_parport Member=Component U5 GTL2003
Added Member To Class: ClassName=BBB_parport Member=Component U6 GTL2003
