Added Component: Designator=HEAD1(HEAD13X2)
Added Component: Designator=HEAD2(DB25_MALE)
Added Pin To Net: NetName=SPINDLE2 Pin=HEAD1-1
Added Pin To Net: NetName=RELAY2 Pin=HEAD1-2
Added Pin To Net: NetName=XDIR2 Pin=HEAD1-3
Added Pin To Net: NetName=AHOME2 Pin=HEAD1-4
Added Pin To Net: NetName=XSTEP2 Pin=HEAD1-5
Added Pin To Net: NetName=BDIR2 Pin=HEAD1-6
Added Pin To Net: NetName=YDIR2 Pin=HEAD1-7
Added Pin To Net: NetName=BSTEP2 Pin=HEAD1-8
Added Pin To Net: NetName=YSTEP2 Pin=HEAD1-9
Added Pin To Net: NetName=GND Pin=HEAD1-10
Added Pin To Net: NetName=ZDIR2 Pin=HEAD1-11
Added Pin To Net: NetName=GND Pin=HEAD1-12
Added Pin To Net: NetName=ZSTEP2 Pin=HEAD1-13
Added Pin To Net: NetName=GND Pin=HEAD1-14
Added Pin To Net: NetName=ADIR2 Pin=HEAD1-15
Added Pin To Net: NetName=GND Pin=HEAD1-16
Added Pin To Net: NetName=ASTEP2 Pin=HEAD1-17
Added Pin To Net: NetName=GND Pin=HEAD1-18
Added Pin To Net: NetName=ESTOP_EXT2 Pin=HEAD1-19
Added Pin To Net: NetName=GND Pin=HEAD1-20
Added Pin To Net: NetName=XHOME2 Pin=HEAD1-21
Added Pin To Net: NetName=GND Pin=HEAD1-22
Added Pin To Net: NetName=YHOME2 Pin=HEAD1-23
Added Pin To Net: NetName=GND Pin=HEAD1-24
Added Pin To Net: NetName=ZHOME2 Pin=HEAD1-25
Added Pin To Net: NetName=GND Pin=HEAD1-26
Added Pin To Net: NetName=SPINDLE2 Pin=HEAD2-1
Added Pin To Net: NetName=XDIR2 Pin=HEAD2-2
Added Pin To Net: NetName=XSTEP2 Pin=HEAD2-3
Added Pin To Net: NetName=YDIR2 Pin=HEAD2-4
Added Pin To Net: NetName=YSTEP2 Pin=HEAD2-5
Added Pin To Net: NetName=ZDIR2 Pin=HEAD2-6
Added Pin To Net: NetName=ZSTEP2 Pin=HEAD2-7
Added Pin To Net: NetName=ADIR2 Pin=HEAD2-8
Added Pin To Net: NetName=ASTEP2 Pin=HEAD2-9
Added Pin To Net: NetName=ESTOP_EXT2 Pin=HEAD2-10
Added Pin To Net: NetName=XHOME2 Pin=HEAD2-11
Added Pin To Net: NetName=YHOME2 Pin=HEAD2-12
Added Pin To Net: NetName=ZHOME2 Pin=HEAD2-13
Added Pin To Net: NetName=RELAY2 Pin=HEAD2-14
Added Pin To Net: NetName=AHOME2 Pin=HEAD2-15
Added Pin To Net: NetName=BDIR2 Pin=HEAD2-16
Added Pin To Net: NetName=BSTEP2 Pin=HEAD2-17
Added Pin To Net: NetName=GND Pin=HEAD2-18
Added Pin To Net: NetName=GND Pin=HEAD2-19
Added Pin To Net: NetName=GND Pin=HEAD2-20
Added Pin To Net: NetName=GND Pin=HEAD2-21
Added Pin To Net: NetName=GND Pin=HEAD2-22
Added Pin To Net: NetName=GND Pin=HEAD2-23
Added Pin To Net: NetName=GND Pin=HEAD2-24
Added Pin To Net: NetName=GND Pin=HEAD2-25
Added Pin To Net: NetName=NetC2_2 Pin=U1-11
Added Pin To Net: NetName=NetC2_2 Pin=U1-12
Added Pin To Net: NetName=NetC4_2 Pin=U4-11
Added Pin To Net: NetName=NetC4_2 Pin=U4-12
Added Pin To Net: NetName=NetC5_2 Pin=U5-11
Added Pin To Net: NetName=NetC5_2 Pin=U5-12
Added Pin To Net: NetName=NetC6_2 Pin=U6-12
Added Member To Class: ClassName=BBB_parport Member=Component HEAD1 Head26
Added Member To Class: ClassName=BBB_parport Member=Component HEAD2 Head25
