Added Component: Designator=D1(DOMINO2)
Added Component: Designator=JP1(HEAD10)
Added Component: Designator=JP2(HEAD10)
Added Pin To Net: NetName=GND Pin=D1-2
Added Net: Name=GND
Added Pin To Net: NetName=NetJP1_1 Pin=JP1-1
Added Net: Name=NetJP1_1
Added Pin To Net: NetName=NetJP1_2 Pin=JP1-2
Added Net: Name=NetJP1_2
Added Pin To Net: NetName=NetJP1_3 Pin=JP1-3
Added Net: Name=NetJP1_3
Added Pin To Net: NetName=NetJP1_4 Pin=JP1-4
Added Net: Name=NetJP1_4
Added Pin To Net: NetName=NetJP1_5 Pin=JP1-5
Added Net: Name=NetJP1_5
Added Pin To Net: NetName=NetJP1_6 Pin=JP1-6
Added Net: Name=NetJP1_6
Added Pin To Net: NetName=NetJP1_7 Pin=JP1-7
Added Net: Name=NetJP1_7
Added Pin To Net: NetName=NetJP1_8 Pin=JP1-8
Added Net: Name=NetJP1_8
Added Pin To Net: NetName=NetJP1_9 Pin=JP1-9
Added Net: Name=NetJP1_9
Added Pin To Net: NetName=NetJP1_10 Pin=JP1-10
Added Net: Name=NetJP1_10
Added Pin To Net: NetName=NetJP2_1 Pin=JP2-1
Added Net: Name=NetJP2_1
Added Pin To Net: NetName=NetJP2_2 Pin=JP2-2
Added Net: Name=NetJP2_2
Added Pin To Net: NetName=NetJP2_3 Pin=JP2-3
Added Net: Name=NetJP2_3
Added Pin To Net: NetName=NetJP2_4 Pin=JP2-4
Added Net: Name=NetJP2_4
Added Pin To Net: NetName=NetJP2_5 Pin=JP2-5
Added Net: Name=NetJP2_5
Added Pin To Net: NetName=NetJP2_6 Pin=JP2-6
Added Net: Name=NetJP2_6
Added Pin To Net: NetName=NetJP2_7 Pin=JP2-7
Added Net: Name=NetJP2_7
Added Pin To Net: NetName=NetJP2_8 Pin=JP2-8
Added Net: Name=NetJP2_8
Added Pin To Net: NetName=NetJP2_9 Pin=JP2-9
Added Net: Name=NetJP2_9
Added Pin To Net: NetName=NetJP2_10 Pin=JP2-10
Added Net: Name=NetJP2_10
Added Pin To Net: NetName=VCC Pin=D1-1
Added Net: Name=VCC
Added Class: Name=LV
Added Room: Name=LV
