Added Component: Designator=U1(DW24-M)
Added Pin To Net: NetName=NetJP1_1 Pin=U1-2
Added Pin To Net: NetName=NetJP1_2 Pin=U1-3
Added Pin To Net: NetName=NetJP1_3 Pin=U1-4
Added Pin To Net: NetName=NetJP1_4 Pin=U1-5
Added Pin To Net: NetName=NetJP1_5 Pin=U1-6
Added Pin To Net: NetName=NetJP1_6 Pin=U1-7
Added Pin To Net: NetName=NetJP1_7 Pin=U1-8
Added Pin To Net: NetName=NetJP1_8 Pin=U1-9
Added Pin To Net: NetName=NetJP1_9 Pin=U1-10
Added Pin To Net: NetName=NetJP1_10 Pin=U1-11
Added Pin To Net: NetName=GND Pin=U1-12
Added Pin To Net: NetName=NetJP2_10 Pin=U1-13
Added Pin To Net: NetName=NetJP2_9 Pin=U1-14
Added Pin To Net: NetName=NetJP2_8 Pin=U1-15
Added Pin To Net: NetName=NetJP2_7 Pin=U1-16
Added Pin To Net: NetName=NetJP2_6 Pin=U1-17
Added Pin To Net: NetName=NetJP2_5 Pin=U1-18
Added Pin To Net: NetName=NetJP2_4 Pin=U1-19
Added Pin To Net: NetName=NetJP2_3 Pin=U1-20
Added Pin To Net: NetName=NetJP2_2 Pin=U1-21
Added Pin To Net: NetName=NetJP2_1 Pin=U1-22
Added Pin To Net: NetName=GND Pin=U1-23
Added Pin To Net: NetName=VCC Pin=U1-24
Added Member To Class: ClassName=LV Member=Component U1 SN74CBTD3861_DW_
