Added Component: Designator=D1(Domino2_350)
Added Component: Designator=JP1(HEAD3)
Added Component: Designator=Q1(SOT23-3)
Added Component: Designator=R1(0805_R)
Added Component: Designator=R2(0805_R)
Added Component: Designator=R3(0805_R)
Added Pin To Net: NetName=5V Pin=D1-1
Added Pin To Net: NetName=5V Pin=JP1-1
Added Net: Name=5V
Added Pin To Net: NetName=CTL Pin=JP1-3
Added Pin To Net: NetName=CTL Pin=R1-2
Added Pin To Net: NetName=CTL Pin=R2-2
Added Pin To Net: NetName=CTL Pin=R3-2
Added Net: Name=CTL
Added Pin To Net: NetName=GND Pin=JP1-2
Added Pin To Net: NetName=GND Pin=Q1-2
Added Net: Name=GND
Added Pin To Net: NetName=NetD1_2 Pin=D1-2
Added Pin To Net: NetName=NetD1_2 Pin=Q1-3
Added Net: Name=NetD1_2
Added Pin To Net: NetName=NetQ1_1 Pin=Q1-1
Added Pin To Net: NetName=NetQ1_1 Pin=R1-1
Added Pin To Net: NetName=NetQ1_1 Pin=R2-1
Added Pin To Net: NetName=NetQ1_1 Pin=R3-1
Added Net: Name=NetQ1_1
Added Class: Name=BotInd
Added Room: Name=BotInd
