Added Component: Designator=D1(DOMINO2)
Added Component: Designator=D2(DOMINO2)
Added Component: Designator=D3(DOMINO2)
Added Component: Designator=D4(DOMINO2)
Added Component: Designator=H1(Hole_3mm)
Added Component: Designator=JP1(CON8)
Added Pin To Net: NetName=1 Pin=D1-1
Added Pin To Net: NetName=1 Pin=JP1-1
Added Net: Name=1
Added Pin To Net: NetName=2 Pin=D1-2
Added Pin To Net: NetName=2 Pin=JP1-2
Added Net: Name=2
Added Pin To Net: NetName=3 Pin=D2-1
Added Pin To Net: NetName=3 Pin=JP1-3
Added Net: Name=3
Added Pin To Net: NetName=4 Pin=D2-2
Added Pin To Net: NetName=4 Pin=JP1-4
Added Net: Name=4
Added Pin To Net: NetName=5 Pin=D3-1
Added Pin To Net: NetName=5 Pin=JP1-5
Added Net: Name=5
Added Pin To Net: NetName=6 Pin=D3-2
Added Pin To Net: NetName=6 Pin=JP1-6
Added Net: Name=6
Added Pin To Net: NetName=7 Pin=D4-1
Added Pin To Net: NetName=7 Pin=JP1-7
Added Net: Name=7
Added Pin To Net: NetName=8 Pin=D4-2
Added Pin To Net: NetName=8 Pin=JP1-8
Added Net: Name=8
Added Class: Name=UA
Added Room: Name=UA
